<?xml version="1.0" encoding="UTF-8"?>
<!-- Generated by org.testng.reporters.JUnitReportReporter -->
<testsuite skipped="0" hostname="LAPTOP-PQ9K0NN3" name="com.selenium_tutorial.testNG.TestNGAnnotations" tests="1" failures="0" timestamp="2019-10-25T22:06:10 IST" time="0.013" errors="0">
  <testcase name="SecondTC" time="0.013" classname="com.selenium_tutorial.testNG.TestNGAnnotations"/>
</testsuite> <!-- com.selenium_tutorial.testNG.TestNGAnnotations -->
