<?xml version="1.0" encoding="UTF-8"?>
<!-- Generated by org.testng.reporters.JUnitReportReporter -->
<testsuite skipped="0" hostname="LAPTOP-PQ9K0NN3" name="com.selenium_tutorial.testNG.TestNGParameters" tests="1" failures="0" timestamp="2019-10-22T07:32:12 IST" time="0.018" errors="0">
  <testcase name="parametrizedTC" time="0.018" classname="com.selenium_tutorial.testNG.TestNGParameters"/>
</testsuite> <!-- com.selenium_tutorial.testNG.TestNGParameters -->
