<?xml version="1.0" encoding="UTF-8"?>
<!-- Generated by org.testng.reporters.JUnitReportReporter -->
<testsuite skipped="0" hostname="LAPTOP-PQ9K0NN3" name="com.datadriven_framework.ExcelDataDriven" tests="1" failures="0" timestamp="2019-10-26T21:33:13 IST" time="13.484" errors="0">
  <testcase name="ExcelDriven" time="13.484" classname="com.datadriven_framework.ExcelDataDriven"/>
</testsuite> <!-- com.datadriven_framework.ExcelDataDriven -->
