<?xml version="1.0" encoding="UTF-8"?>
<!-- Generated by org.testng.reporters.JUnitReportReporter -->
<testsuite skipped="0" hostname="LAPTOP-PQ9K0NN3" name="com.datadriven_framework.DataProvider" tests="2" failures="0" timestamp="2019-10-26T12:58:55 IST" time="35.093" errors="0">
  <testcase name="ApplicationLogin" time="18.119" classname="com.datadriven_framework.DataProvider"/>
  <testcase name="ApplicationLogin" time="16.974" classname="com.datadriven_framework.DataProvider"/>
</testsuite> <!-- com.datadriven_framework.DataProvider -->
