<?xml version="1.0" encoding="UTF-8"?>
<!-- Generated by org.testng.reporters.JUnitReportReporter -->
<testsuite skipped="0" hostname="LAPTOP-PQ9K0NN3" name="com.selenium_tutorial.testNG.TestNGDataProviders" tests="2" failures="0" timestamp="2019-10-25T22:14:48 IST" time="0.015" errors="0">
  <testcase name="dataProviderTC" time="0.002" classname="com.selenium_tutorial.testNG.TestNGDataProviders"/>
  <testcase name="dataProviderTC" time="0.013" classname="com.selenium_tutorial.testNG.TestNGDataProviders"/>
</testsuite> <!-- com.selenium_tutorial.testNG.TestNGDataProviders -->
