<?xml version="1.0" encoding="UTF-8"?>
<!-- Generated by org.testng.reporters.JUnitReportReporter -->
<testsuite skipped="0" hostname="LAPTOP-PQ9K0NN3" name="com.selenium_tutorial.testNG.Dependencies" tests="3" failures="0" timestamp="2019-10-27T20:35:12 IST" time="0.015" errors="0">
  <testcase name="highClass" time="0.011" classname="com.selenium_tutorial.testNG.Dependencies"/>
  <testcase name="higherSecondary" time="0.001" classname="com.selenium_tutorial.testNG.Dependencies"/>
  <testcase name="engineering" time="0.003" classname="com.selenium_tutorial.testNG.Dependencies"/>
</testsuite> <!-- com.selenium_tutorial.testNG.Dependencies -->
